生成启动时间为 2014/12/19 20:51:25。
     1>项目“F:\Rubbish\mc\Win32Project1\Win32Project1\Win32Project1.vcxproj”在节点 2 上(Build 个目标)。
     1>ClCompile:
         D:\vs2012\VC\bin\CL.exe /c /ZI /nologo /W3 /WX- /Od /Oy- /D WIN32 /D _DEBUG /D _WINDOWS /D _MBCS /Gm /EHsc /RTC1 /MDd /GS /fp:precise /Zc:wchar_t /Zc:forScope /Fo"Debug\\" /Fd"Debug\vc110.pdb" /Gd /TP /analyze- /errorReport:prompt main.cpp
         main.cpp
     1>d:\vs2012\opencv249\opencv\build\include\opencv2\flann\logger.h(66): warning C4996: 'fopen': This function or variable may be unsafe. Consider using fopen_s instead. To disable deprecation, use _CRT_SECURE_NO_WARNINGS. See online help for details.
                 d:\vs2012\vc\include\stdio.h(218) : 参见“fopen”的声明
     1>d:\vs2012\opencv249\opencv\build\include\opencv2\legacy\blobtrack.hpp(187): warning C4996: 'strcpy': This function or variable may be unsafe. Consider using strcpy_s instead. To disable deprecation, use _CRT_SECURE_NO_WARNINGS. See online help for details.
                 d:\vs2012\vc\include\string.h(110) : 参见“strcpy”的声明
     1>d:\vs2012\opencv249\opencv\build\include\opencv2\legacy\blobtrack.hpp(256): warning C4996: 'strcat': This function or variable may be unsafe. Consider using strcat_s instead. To disable deprecation, use _CRT_SECURE_NO_WARNINGS. See online help for details.
                 d:\vs2012\vc\include\string.h(115) : 参见“strcat”的声明
     1>f:\rubbish\mc\win32project1\win32project1\main.cpp(610): warning C4244: “初始化”: 从“float”转换到“int”，可能丢失数据
       Link:
         D:\vs2012\VC\bin\link.exe /ERRORREPORT:PROMPT /OUT:"F:\Rubbish\mc\Win32Project1\Debug\Win32Project1.exe" /INCREMENTAL /NOLOGO opencv_core249d.lib opencv_imgproc249d.lib opencv_highgui249d.lib opencv_ml249d.lib opencv_video249d.lib opencv_features2d249d.lib opencv_calib3d249d.lib opencv_contrib249d.lib opencv_legacy249d.lib opencv_flann249d.lib opencv_gpu249d.lib kernel32.lib user32.lib gdi32.lib winspool.lib comdlg32.lib advapi32.lib shell32.lib ole32.lib oleaut32.lib uuid.lib odbc32.lib odbccp32.lib /MANIFEST /MANIFESTUAC:"level='asInvoker' uiAccess='false'" /manifest:embed /DEBUG /PDB:"F:\Rubbish\mc\Win32Project1\Debug\Win32Project1.pdb" /SUBSYSTEM:WINDOWS /TLBID:1 /DYNAMICBASE /NXCOMPAT /IMPLIB:"F:\Rubbish\mc\Win32Project1\Debug\Win32Project1.lib" /MACHINE:X86 Debug\Button.obj
         Debug\main.obj
         Debug\OpenFileDialog.obj
         Debug\Utils.obj
         Win32Project1.vcxproj -> F:\Rubbish\mc\Win32Project1\Debug\Win32Project1.exe
     1>已完成生成项目“F:\Rubbish\mc\Win32Project1\Win32Project1\Win32Project1.vcxproj”(Build 个目标)的操作。

生成成功。

已用时间 00:00:04.39
