F:\RUBBISH\MC\WIN32PROJECT1\WIN32PROJECT1\DEBUG\BUTTON.OBJ
F:\RUBBISH\MC\WIN32PROJECT1\WIN32PROJECT1\DEBUG\OPENFILEDIALOG.OBJ
F:\RUBBISH\MC\WIN32PROJECT1\WIN32PROJECT1\DEBUG\VC110.PDB
F:\RUBBISH\MC\WIN32PROJECT1\WIN32PROJECT1\DEBUG\MAIN.OBJ
F:\RUBBISH\MC\WIN32PROJECT1\WIN32PROJECT1\DEBUG\UTILS.OBJ
F:\RUBBISH\MC\WIN32PROJECT1\DEBUG\WIN32PROJECT1.ILK
F:\RUBBISH\MC\WIN32PROJECT1\DEBUG\WIN32PROJECT1.EXE
F:\RUBBISH\MC\WIN32PROJECT1\DEBUG\WIN32PROJECT1.PDB
F:\Rubbish\mc\Win32Project1\Win32Project1\Debug\Button.obj
F:\Rubbish\mc\Win32Project1\Win32Project1\Debug\main.obj
F:\Rubbish\mc\Win32Project1\Win32Project1\Debug\OpenFileDialog.obj
F:\Rubbish\mc\Win32Project1\Win32Project1\Debug\Utils.obj
F:\Rubbish\mc\Win32Project1\Win32Project1\Debug\cl.command.1.tlog
F:\Rubbish\mc\Win32Project1\Win32Project1\Debug\CL.read.1.tlog
F:\Rubbish\mc\Win32Project1\Win32Project1\Debug\CL.write.1.tlog
F:\Rubbish\mc\Win32Project1\Win32Project1\Debug\link-cvtres.read.1.tlog
F:\Rubbish\mc\Win32Project1\Win32Project1\Debug\link-cvtres.write.1.tlog
F:\Rubbish\mc\Win32Project1\Win32Project1\Debug\link-rc.read.1.tlog
F:\Rubbish\mc\Win32Project1\Win32Project1\Debug\link-rc.write.1.tlog
F:\Rubbish\mc\Win32Project1\Win32Project1\Debug\link.1492-cvtres.read.1.tlog
F:\Rubbish\mc\Win32Project1\Win32Project1\Debug\link.1492-cvtres.write.1.tlog
F:\Rubbish\mc\Win32Project1\Win32Project1\Debug\link.1492-rc.read.1.tlog
F:\Rubbish\mc\Win32Project1\Win32Project1\Debug\link.1492-rc.write.1.tlog
F:\Rubbish\mc\Win32Project1\Win32Project1\Debug\link.1492.read.1.tlog
F:\Rubbish\mc\Win32Project1\Win32Project1\Debug\link.1492.write.1.tlog
F:\Rubbish\mc\Win32Project1\Win32Project1\Debug\link.3532-cvtres.read.1.tlog
F:\Rubbish\mc\Win32Project1\Win32Project1\Debug\link.3532-cvtres.write.1.tlog
F:\Rubbish\mc\Win32Project1\Win32Project1\Debug\link.3532-rc.read.1.tlog
F:\Rubbish\mc\Win32Project1\Win32Project1\Debug\link.3532-rc.write.1.tlog
F:\Rubbish\mc\Win32Project1\Win32Project1\Debug\link.3532.read.1.tlog
F:\Rubbish\mc\Win32Project1\Win32Project1\Debug\link.3532.write.1.tlog
F:\Rubbish\mc\Win32Project1\Win32Project1\Debug\link.command.1.tlog
F:\Rubbish\mc\Win32Project1\Win32Project1\Debug\link.read.1.tlog
F:\Rubbish\mc\Win32Project1\Win32Project1\Debug\link.write.1.tlog
F:\Rubbish\mc\Win32Project1\Win32Project1\Debug\vc110.idb
F:\Rubbish\mc\Win32Project1\Win32Project1\Debug\vc110.pdb
F:\Rubbish\mc\Win32Project1\Debug\Win32Project1.pdb
F:\Rubbish\mc\Win32Project1\Debug\Win32Project1.exe
F:\Rubbish\mc\Win32Project1\Debug\Win32Project1.ilk
